<?xml version="1.0" encoding="UTF-8"?>
<!-- Generated by org.testng.reporters.JUnitXMLReporter -->
<testsuite ignored="0" hostname="DESKTOP-ER1B2KO" failures="0" tests="7" name="my test" time="8.823" errors="0" timestamp="2024-10-01T15:27:20 IST">
  <testcase classname="Day21.OrangeHRMTest" name="openapp" time="4.032"/>
  <testcase classname="Day21.OrangeHRMTest" name="testlogo" time="3.058"/>
  <testcase classname="Day21.OrangeHRMTest" name="testlogin" time="1.255"/>
  <testcase classname="Day21.OrangeHRMTest" name="Closeapp" time="0.402"/>
  <testcase classname="Day21.FirstTestCase" name="openapp" time="0.003"/>
  <testcase classname="Day21.FirstTestCase" name="login" time="0.001"/>
  <testcase classname="Day21.FirstTestCase" name="logout" time="0.001"/>
</testsuite> <!-- my test -->
