<?xml version="1.0" encoding="UTF-8"?>
<!-- Generated by org.testng.reporters.JUnitXMLReporter -->
<testsuite ignored="5" hostname="DESKTOP-ER1B2KO" failures="0" tests="3" name="groupingtests" time="0.066" errors="0" timestamp="2024-10-03T13:08:54 IST">
  <testcase classname="Day23.LoginTests" name="loginbyEmail" time="0.012"/>
  <testcase classname="Day23.LoginTests" name="loginbyFacebook" time="0.001"/>
  <testcase classname="Day23.LoginTests" name="loginbytwitter" time="0.003"/>
  <testcase classname="Day23.signupTest" name="signupbyTwitter" time="0.0">
    <ignored/>
  </testcase> <!-- signupbyTwitter -->
  <testcase classname="Day23.PaymentTest" name="paymentinDollers" time="0.0">
    <ignored/>
  </testcase> <!-- paymentinDollers -->
  <testcase classname="Day23.signupTest" name="signupbyFacebook" time="0.0">
    <ignored/>
  </testcase> <!-- signupbyFacebook -->
  <testcase classname="Day23.PaymentTest" name="paymentinRupees" time="0.0">
    <ignored/>
  </testcase> <!-- paymentinRupees -->
  <testcase classname="Day23.signupTest" name="signupbyEmail" time="0.0">
    <ignored/>
  </testcase> <!-- signupbyEmail -->
</testsuite> <!-- groupingtests -->
