<?xml version="1.0" encoding="UTF-8"?>
<!-- Generated by org.testng.reporters.JUnitXMLReporter -->
<testsuite ignored="0" hostname="DESKTOP-ER1B2KO" failures="0" tests="8" name="gropps" time="0.091" errors="0" timestamp="2024-10-03T13:09:09 IST">
  <testcase classname="Day23.LoginTests" name="loginbyEmail" time="0.015"/>
  <testcase classname="Day23.LoginTests" name="loginbyFacebook" time="0.002"/>
  <testcase classname="Day23.LoginTests" name="loginbytwitter" time="0.002"/>
  <testcase classname="Day23.signupTest" name="signupbyEmail" time="0.002"/>
  <testcase classname="Day23.signupTest" name="signupbyFacebook" time="0.002"/>
  <testcase classname="Day23.signupTest" name="signupbyTwitter" time="0.002"/>
  <testcase classname="Day23.PaymentTest" name="paymentinRupees" time="0.003"/>
  <testcase classname="Day23.PaymentTest" name="paymentinDollers" time="0.002"/>
</testsuite> <!-- gropps -->
