<?xml version="1.0" encoding="UTF-8"?>
<testng-results ignored="0" total="1" passed="1" failed="0" skipped="0">
  <reporter-output>
  </reporter-output>
  <suite started-at="2025-09-02T22:34:26 IST" name="Default suite" finished-at="2025-09-02T22:34:30 IST" duration-ms="4068">
    <groups>
    </groups>
    <test started-at="2025-09-02T22:34:26 IST" name="Default test" finished-at="2025-09-02T22:34:30 IST" duration-ms="4068">
      <class name="homePractise.ScreenshotPractise">
        <test-method signature="screenshot()[pri:0, instance:homePractise.ScreenshotPractise@6b2ea799]" started-at="2025-09-02T22:34:26 IST" name="screenshot" finished-at="2025-09-02T22:34:30 IST" duration-ms="3983" status="PASS">
          <reporter-output>
          </reporter-output>
        </test-method> <!-- screenshot -->
      </class> <!-- homePractise.ScreenshotPractise -->
    </test> <!-- Default test -->
  </suite> <!-- Default suite -->
</testng-results>
